  CargaModelos.cpp
c:\users\juang\documents\2022-2\c_graf\lab\lab_sol\pfinal\window.h(12): warning C4244: 'return': conversión de 'GLint' a 'GLfloat'; posible pérdida de datos
c:\users\juang\documents\2022-2\c_graf\lab\lab_sol\pfinal\window.h(13): warning C4244: 'return': conversión de 'GLint' a 'GLfloat'; posible pérdida de datos
c:\users\juang\documents\2022-2\c_graf\lab\lab_sol\pfinal\cargamodelos.cpp(469): warning C4244: 'inicializando': conversión de 'double' a 'int'; posible pérdida de datos
c:\users\juang\documents\2022-2\c_graf\lab\lab_sol\pfinal\cargamodelos.cpp(482): warning C4244: '=': conversión de 'double' a 'float'; posible pérdida de datos
c:\users\juang\documents\2022-2\c_graf\lab\lab_sol\pfinal\cargamodelos.cpp(483): warning C4305: '+=': truncamiento de 'double' a 'float'
c:\users\juang\documents\2022-2\c_graf\lab\lab_sol\pfinal\cargamodelos.cpp(502): warning C4244: '+=': conversión de 'double' a 'float'; posible pérdida de datos
c:\users\juang\documents\2022-2\c_graf\lab\lab_sol\pfinal\cargamodelos.cpp(542): warning C4305: 'argumento': truncamiento de 'double' a 'GLfloat'
c:\users\juang\documents\2022-2\c_graf\lab\lab_sol\pfinal\cargamodelos.cpp(550): warning C4244: '=': conversión de 'double' a 'unsigned int'; posible pérdida de datos
c:\users\juang\documents\2022-2\c_graf\lab\lab_sol\pfinal\cargamodelos.cpp(552): warning C4244: '=': conversión de 'double' a 'unsigned int'; posible pérdida de datos
c:\users\juang\documents\2022-2\c_graf\lab\lab_sol\pfinal\cargamodelos.cpp(574): warning C4305: 'argumento': truncamiento de 'double' a 'GLfloat'
c:\users\juang\documents\2022-2\c_graf\lab\lab_sol\pfinal\cargamodelos.cpp(586): warning C4244: '=': conversión de 'double' a 'unsigned int'; posible pérdida de datos
c:\users\juang\documents\2022-2\c_graf\lab\lab_sol\pfinal\cargamodelos.cpp(588): warning C4244: '=': conversión de 'double' a 'unsigned int'; posible pérdida de datos
c:\users\juang\documents\2022-2\c_graf\lab\lab_sol\pfinal\cargamodelos.cpp(647): warning C4305: 'argumento': truncamiento de 'double' a 'GLfloat'
c:\users\juang\documents\2022-2\c_graf\lab\lab_sol\pfinal\cargamodelos.cpp(685): warning C4305: 'argumento': truncamiento de 'double' a 'float'
c:\users\juang\documents\2022-2\c_graf\lab\lab_sol\pfinal\cargamodelos.cpp(686): warning C4305: 'argumento': truncamiento de 'double' a 'float'
c:\users\juang\documents\2022-2\c_graf\lab\lab_sol\pfinal\cargamodelos.cpp(687): warning C4305: 'argumento': truncamiento de 'double' a 'float'
c:\users\juang\documents\2022-2\c_graf\lab\lab_sol\pfinal\cargamodelos.cpp(688): warning C4305: 'argumento': truncamiento de 'double' a 'float'
c:\users\juang\documents\2022-2\c_graf\lab\lab_sol\pfinal\cargamodelos.cpp(715): warning C4244: 'inicializando': conversión de 'double' a 'GLfloat'; posible pérdida de datos
c:\users\juang\documents\2022-2\c_graf\lab\lab_sol\pfinal\cargamodelos.cpp(717): warning C4244: '+=': conversión de 'double' a 'GLfloat'; posible pérdida de datos
c:\users\juang\documents\2022-2\c_graf\lab\lab_sol\pfinal\cargamodelos.cpp(966): warning C4244: '=': conversión de 'double' a 'int'; posible pérdida de datos
c:\users\juang\documents\2022-2\c_graf\lab\lab_sol\pfinal\cargamodelos.cpp(989): warning C4244: '=': conversión de 'double' a 'int'; posible pérdida de datos
  PFINAL.vcxproj -> C:\Users\juang\Documents\2022-2\C_graf\lab\Lab_sol\Debug\PFINAL.exe
